<?xml version="1.0" encoding="UTF-8"?>
<!-- Generated by org.testng.reporters.JUnitXMLReporter -->
<testsuite ignored="4" hostname="mahi" failures="0" tests="4" name="Test" time="109.215" errors="0" timestamp="2025-03-26T15:23:33 IST">
  <testcase classname="testCaseRepo.TC_003" name="LE_003" time="23.539"/>
  <testcase classname="testCaseRepo.TC_001" name="Demo" time="0.001"/>
  <testcase classname="testCaseRepo.TC_001" name="LE_001" time="19.126"/>
  <testcase classname="testCaseRepo.TC_004" name="con_001" time="20.023"/>
  <testcase classname="genericUtility.BaseClass" name="@BeforeSuite dbConnection" time="0.0">
    <ignored/>
  </testcase> <!-- @BeforeSuite dbConnection -->
  <testcase classname="genericUtility.BaseClass" name="@AfterSuite closeDBConnection" time="0.0">
    <ignored/>
  </testcase> <!-- @AfterSuite closeDBConnection -->
  <testcase classname="genericUtility.BaseClass" name="@BeforeSuite dbConnection" time="0.0">
    <ignored/>
  </testcase> <!-- @BeforeSuite dbConnection -->
  <testcase classname="genericUtility.BaseClass" name="@AfterSuite closeDBConnection" time="0.0">
    <ignored/>
  </testcase> <!-- @AfterSuite closeDBConnection -->
</testsuite> <!-- Test -->
