<?xml version="1.0" encoding="UTF-8"?>
<testng-results ignored="0" total="1" passed="1" failed="0" skipped="0">
  <reporter-output>
    <line>
      <![CDATA[LE_001-> on test Start]]>
    </line>
    <line>
      <![CDATA[LE_001-> on test Success]]>
    </line>
  </reporter-output>
  <suite started-at="2025-03-26T14:48:37 IST" name="Default suite" finished-at="2025-03-26T14:49:10 IST" duration-ms="32287">
    <groups>
    </groups>
    <test started-at="2025-03-26T14:48:37 IST" name="Default test" finished-at="2025-03-26T14:49:10 IST" duration-ms="32287">
      <class name="testCaseRepo.TC_001">
        <test-method is-config="true" signature="dbConnection()[pri:0, instance:testCaseRepo.TC_001@4009e306]" started-at="2025-03-26T14:48:37 IST" name="dbConnection" finished-at="2025-03-26T14:48:37 IST" duration-ms="11" status="PASS">
          <reporter-output>
          </reporter-output>
        </test-method> <!-- dbConnection -->
        <test-method is-config="true" signature="lanchBrowser()[pri:0, instance:testCaseRepo.TC_001@4009e306]" started-at="2025-03-26T14:48:37 IST" name="lanchBrowser" finished-at="2025-03-26T14:48:41 IST" duration-ms="3312" status="PASS">
          <reporter-output>
          </reporter-output>
        </test-method> <!-- lanchBrowser -->
        <test-method is-config="true" signature="loginOperation()[pri:0, instance:testCaseRepo.TC_001@4009e306]" started-at="2025-03-26T14:48:41 IST" name="loginOperation" finished-at="2025-03-26T14:48:45 IST" duration-ms="4612" status="PASS">
          <reporter-output>
          </reporter-output>
        </test-method> <!-- loginOperation -->
        <test-method signature="LE_001()[pri:0, instance:testCaseRepo.TC_001@4009e306]" started-at="2025-03-26T14:48:45 IST" name="LE_001" finished-at="2025-03-26T14:49:06 IST" duration-ms="20675" status="PASS">
          <reporter-output>
            <line>
              <![CDATA[LE_001-> on test Start]]>
            </line>
            <line>
              <![CDATA[LE_001-> on test Success]]>
            </line>
          </reporter-output>
        </test-method> <!-- LE_001 -->
        <test-method is-config="true" signature="signOutOperation()[pri:0, instance:testCaseRepo.TC_001@4009e306]" started-at="2025-03-26T14:49:06 IST" name="signOutOperation" finished-at="2025-03-26T14:49:09 IST" duration-ms="2938" status="PASS">
          <reporter-output>
          </reporter-output>
        </test-method> <!-- signOutOperation -->
        <test-method is-config="true" signature="CloseBrowser()[pri:0, instance:testCaseRepo.TC_001@4009e306]" started-at="2025-03-26T14:49:09 IST" name="CloseBrowser" finished-at="2025-03-26T14:49:10 IST" duration-ms="471" status="PASS">
          <reporter-output>
          </reporter-output>
        </test-method> <!-- CloseBrowser -->
        <test-method is-config="true" signature="closeDBConnection()[pri:0, instance:testCaseRepo.TC_001@4009e306]" started-at="2025-03-26T14:49:11 IST" name="closeDBConnection" finished-at="2025-03-26T14:49:11 IST" duration-ms="8" status="PASS">
          <reporter-output>
          </reporter-output>
        </test-method> <!-- closeDBConnection -->
      </class> <!-- testCaseRepo.TC_001 -->
    </test> <!-- Default test -->
  </suite> <!-- Default suite -->
</testng-results>
